08/15/2022 06:40:56 PM - INFO - importando writers.text_cumpriments...
08/15/2022 06:40:56 PM - INFO - importando jason_pastoleiro...
08/15/2022 06:40:56 PM - INFO -  * Running on http://127.0.0.1:5000 (Press CTRL+C to quit)
08/15/2022 06:40:56 PM - INFO -  * Restarting with stat
08/15/2022 06:40:56 PM - INFO - importando writers.text_cumpriments...
08/15/2022 06:40:56 PM - INFO - importando jason_pastoleiro...
08/15/2022 06:40:56 PM - WARNING -  * Debugger is active!
08/15/2022 06:40:56 PM - INFO -  * Debugger PIN: 930-941-590
08/15/2022 06:41:13 PM - INFO - 127.0.0.1 - - [15/Aug/2022 18:41:13] "POST /bot HTTP/1.1" 200 -
08/15/2022 06:41:23 PM - INFO - 127.0.0.1 - - [15/Aug/2022 18:41:23] "POST /bot HTTP/1.1" 200 -
08/15/2022 06:41:35 PM - INFO - -- BEGIN Twilio API Request --
08/15/2022 06:41:35 PM - INFO - POST Request: https://api.twilio.com/2010-04-01/Accounts/AC7411f01678bddd238e547821ed787d20/Messages.json
08/15/2022 06:41:35 PM - INFO - Headers:
08/15/2022 06:41:35 PM - INFO - User-Agent : twilio-python/7.12.0 (Windows AMD64) Python/3.10.5
08/15/2022 06:41:35 PM - INFO - X-Twilio-Client : python-7.12.0
08/15/2022 06:41:35 PM - INFO - Accept-Charset : utf-8
08/15/2022 06:41:35 PM - INFO - Content-Type : application/x-www-form-urlencoded
08/15/2022 06:41:35 PM - INFO - Accept : application/json
08/15/2022 06:41:35 PM - INFO - -- END Twilio API Request --
08/15/2022 06:41:36 PM - INFO - Response Status Code: 201
08/15/2022 06:41:36 PM - INFO - Response Headers: {'Date': 'Mon, 15 Aug 2022 21:41:36 GMT', 'Content-Type': 'application/json; charset=utf-8', 'Content-Length': '814', 'Connection': 'keep-alive', 'Twilio-Concurrent-Requests': '1', 'Twilio-Request-Id': 'RQ491e4bf00cd7863a02f9066bf5f72d24', 'Twilio-Request-Duration': '0.096', 'Access-Control-Allow-Origin': '*', 'Access-Control-Allow-Headers': 'Accept, Authorization, Content-Type, If-Match, If-Modified-Since, If-None-Match, If-Unmodified-Since', 'Access-Control-Allow-Methods': 'GET, POST, DELETE, OPTIONS', 'Access-Control-Expose-Headers': 'ETag', 'Access-Control-Allow-Credentials': 'true', 'X-Powered-By': 'AT-5000', 'X-Shenanigans': 'none', 'X-Home-Region': 'us1', 'X-API-Domain': 'api.twilio.com', 'Strict-Transport-Security': 'max-age=31536000'}
08/15/2022 06:41:36 PM - INFO - -- BEGIN Twilio API Request --
08/15/2022 06:41:36 PM - INFO - POST Request: https://api.twilio.com/2010-04-01/Accounts/AC7411f01678bddd238e547821ed787d20/Messages.json
08/15/2022 06:41:36 PM - INFO - Headers:
08/15/2022 06:41:36 PM - INFO - User-Agent : twilio-python/7.12.0 (Windows AMD64) Python/3.10.5
08/15/2022 06:41:36 PM - INFO - X-Twilio-Client : python-7.12.0
08/15/2022 06:41:36 PM - INFO - Accept-Charset : utf-8
08/15/2022 06:41:36 PM - INFO - Content-Type : application/x-www-form-urlencoded
08/15/2022 06:41:36 PM - INFO - Accept : application/json
08/15/2022 06:41:36 PM - INFO - -- END Twilio API Request --
08/15/2022 06:41:37 PM - INFO - Response Status Code: 201
08/15/2022 06:41:37 PM - INFO - Response Headers: {'Date': 'Mon, 15 Aug 2022 21:41:36 GMT', 'Content-Type': 'application/json; charset=utf-8', 'Content-Length': '815', 'Connection': 'keep-alive', 'Twilio-Concurrent-Requests': '1', 'Twilio-Request-Id': 'RQ5eb27547560c466cb86f45c16f7e8510', 'Twilio-Request-Duration': '0.096', 'Access-Control-Allow-Origin': '*', 'Access-Control-Allow-Headers': 'Accept, Authorization, Content-Type, If-Match, If-Modified-Since, If-None-Match, If-Unmodified-Since', 'Access-Control-Allow-Methods': 'GET, POST, DELETE, OPTIONS', 'Access-Control-Expose-Headers': 'ETag', 'Access-Control-Allow-Credentials': 'true', 'X-Powered-By': 'AT-5000', 'X-Shenanigans': 'none', 'X-Home-Region': 'us1', 'X-API-Domain': 'api.twilio.com', 'Strict-Transport-Security': 'max-age=31536000'}
08/15/2022 06:41:37 PM - INFO - 127.0.0.1 - - [15/Aug/2022 18:41:37] "POST /bot HTTP/1.1" 200 -
08/15/2022 06:41:49 PM - INFO - -- BEGIN Twilio API Request --
08/15/2022 06:41:49 PM - INFO - POST Request: https://api.twilio.com/2010-04-01/Accounts/AC7411f01678bddd238e547821ed787d20/Messages.json
08/15/2022 06:41:49 PM - INFO - Headers:
08/15/2022 06:41:49 PM - INFO - User-Agent : twilio-python/7.12.0 (Windows AMD64) Python/3.10.5
08/15/2022 06:41:49 PM - INFO - X-Twilio-Client : python-7.12.0
08/15/2022 06:41:49 PM - INFO - Accept-Charset : utf-8
08/15/2022 06:41:49 PM - INFO - Content-Type : application/x-www-form-urlencoded
08/15/2022 06:41:49 PM - INFO - Accept : application/json
08/15/2022 06:41:49 PM - INFO - -- END Twilio API Request --
08/15/2022 06:41:50 PM - INFO - Response Status Code: 201
08/15/2022 06:41:50 PM - INFO - Response Headers: {'Date': 'Mon, 15 Aug 2022 21:41:49 GMT', 'Content-Type': 'application/json; charset=utf-8', 'Content-Length': '811', 'Connection': 'keep-alive', 'Twilio-Concurrent-Requests': '1', 'Twilio-Request-Id': 'RQ205a54a7189ff88c1acc1001bdeb8398', 'Twilio-Request-Duration': '0.102', 'Access-Control-Allow-Origin': '*', 'Access-Control-Allow-Headers': 'Accept, Authorization, Content-Type, If-Match, If-Modified-Since, If-None-Match, If-Unmodified-Since', 'Access-Control-Allow-Methods': 'GET, POST, DELETE, OPTIONS', 'Access-Control-Expose-Headers': 'ETag', 'Access-Control-Allow-Credentials': 'true', 'X-Powered-By': 'AT-5000', 'X-Shenanigans': 'none', 'X-Home-Region': 'us1', 'X-API-Domain': 'api.twilio.com', 'Strict-Transport-Security': 'max-age=31536000'}
08/15/2022 06:41:50 PM - INFO - -- BEGIN Twilio API Request --
08/15/2022 06:41:50 PM - INFO - POST Request: https://api.twilio.com/2010-04-01/Accounts/AC7411f01678bddd238e547821ed787d20/Messages.json
08/15/2022 06:41:50 PM - INFO - Headers:
08/15/2022 06:41:50 PM - INFO - User-Agent : twilio-python/7.12.0 (Windows AMD64) Python/3.10.5
08/15/2022 06:41:50 PM - INFO - X-Twilio-Client : python-7.12.0
08/15/2022 06:41:50 PM - INFO - Accept-Charset : utf-8
08/15/2022 06:41:50 PM - INFO - Content-Type : application/x-www-form-urlencoded
08/15/2022 06:41:50 PM - INFO - Accept : application/json
08/15/2022 06:41:50 PM - INFO - -- END Twilio API Request --
08/15/2022 06:41:50 PM - INFO - Response Status Code: 201
08/15/2022 06:41:50 PM - INFO - Response Headers: {'Date': 'Mon, 15 Aug 2022 21:41:49 GMT', 'Content-Type': 'application/json; charset=utf-8', 'Content-Length': '821', 'Connection': 'keep-alive', 'Twilio-Concurrent-Requests': '1', 'Twilio-Request-Id': 'RQ3cded0bddcd293a6e0eb659c8f0e89af', 'Twilio-Request-Duration': '0.076', 'Access-Control-Allow-Origin': '*', 'Access-Control-Allow-Headers': 'Accept, Authorization, Content-Type, If-Match, If-Modified-Since, If-None-Match, If-Unmodified-Since', 'Access-Control-Allow-Methods': 'GET, POST, DELETE, OPTIONS', 'Access-Control-Expose-Headers': 'ETag', 'Access-Control-Allow-Credentials': 'true', 'X-Powered-By': 'AT-5000', 'X-Shenanigans': 'none', 'X-Home-Region': 'us1', 'X-API-Domain': 'api.twilio.com', 'Strict-Transport-Security': 'max-age=31536000'}
08/15/2022 06:41:50 PM - INFO - 127.0.0.1 - - [15/Aug/2022 18:41:50] "POST /bot HTTP/1.1" 200 -
08/15/2022 06:42:17 PM - INFO -  * Detected change in 'c:\\Users\\gian2\\meus-pequenos-estudos\\bot-ficha\\jason_messages.py', reloading
08/15/2022 06:42:17 PM - INFO -  * Restarting with stat
08/15/2022 06:42:17 PM - INFO - importando writers.text_cumpriments...
08/15/2022 06:42:17 PM - INFO - importando jason_pastoleiro...
08/15/2022 06:42:17 PM - INFO - importando writers.text_cumpriments...
08/15/2022 06:42:17 PM - INFO - importando jason_pastoleiro...
08/15/2022 06:42:18 PM - WARNING -  * Debugger is active!
08/15/2022 06:42:18 PM - INFO -  * Debugger PIN: 930-941-590
08/15/2022 06:46:00 PM - INFO - 127.0.0.1 - - [15/Aug/2022 18:46:00] "POST /bot HTTP/1.1" 200 -
08/15/2022 06:46:21 PM - INFO - 127.0.0.1 - - [15/Aug/2022 18:46:21] "POST /bot HTTP/1.1" 200 -
08/15/2022 06:46:29 PM - INFO - 127.0.0.1 - - [15/Aug/2022 18:46:29] "POST /bot HTTP/1.1" 200 -
08/15/2022 06:46:55 PM - INFO - -- BEGIN Twilio API Request --
08/15/2022 06:46:55 PM - INFO - POST Request: https://api.twilio.com/2010-04-01/Accounts/AC7411f01678bddd238e547821ed787d20/Messages.json
08/15/2022 06:46:55 PM - INFO - Headers:
08/15/2022 06:46:55 PM - INFO - User-Agent : twilio-python/7.12.0 (Windows AMD64) Python/3.10.5
08/15/2022 06:46:55 PM - INFO - X-Twilio-Client : python-7.12.0
08/15/2022 06:46:55 PM - INFO - Accept-Charset : utf-8
08/15/2022 06:46:55 PM - INFO - Content-Type : application/x-www-form-urlencoded
08/15/2022 06:46:55 PM - INFO - Accept : application/json
08/15/2022 06:46:55 PM - INFO - -- END Twilio API Request --
08/15/2022 06:46:58 PM - INFO - Response Status Code: 201
08/15/2022 06:46:58 PM - INFO - Response Headers: {'Date': 'Mon, 15 Aug 2022 21:46:58 GMT', 'Content-Type': 'application/json; charset=utf-8', 'Content-Length': '815', 'Connection': 'keep-alive', 'Twilio-Concurrent-Requests': '1', 'Twilio-Request-Id': 'RQ60841ca8346af6782eeeb657dcd65dd9', 'Twilio-Request-Duration': '0.092', 'Access-Control-Allow-Origin': '*', 'Access-Control-Allow-Headers': 'Accept, Authorization, Content-Type, If-Match, If-Modified-Since, If-None-Match, If-Unmodified-Since', 'Access-Control-Allow-Methods': 'GET, POST, DELETE, OPTIONS', 'Access-Control-Expose-Headers': 'ETag', 'Access-Control-Allow-Credentials': 'true', 'X-Powered-By': 'AT-5000', 'X-Shenanigans': 'none', 'X-Home-Region': 'us1', 'X-API-Domain': 'api.twilio.com', 'Strict-Transport-Security': 'max-age=31536000'}
08/15/2022 06:46:58 PM - INFO - -- BEGIN Twilio API Request --
08/15/2022 06:46:58 PM - INFO - POST Request: https://api.twilio.com/2010-04-01/Accounts/AC7411f01678bddd238e547821ed787d20/Messages.json
08/15/2022 06:46:58 PM - INFO - Headers:
08/15/2022 06:46:58 PM - INFO - User-Agent : twilio-python/7.12.0 (Windows AMD64) Python/3.10.5
08/15/2022 06:46:58 PM - INFO - X-Twilio-Client : python-7.12.0
08/15/2022 06:46:58 PM - INFO - Accept-Charset : utf-8
08/15/2022 06:46:58 PM - INFO - Content-Type : application/x-www-form-urlencoded
08/15/2022 06:46:58 PM - INFO - Accept : application/json
08/15/2022 06:46:58 PM - INFO - -- END Twilio API Request --
08/15/2022 06:46:59 PM - INFO - Response Status Code: 201
08/15/2022 06:46:59 PM - INFO - Response Headers: {'Date': 'Mon, 15 Aug 2022 21:46:58 GMT', 'Content-Type': 'application/json; charset=utf-8', 'Content-Length': '815', 'Connection': 'keep-alive', 'Twilio-Concurrent-Requests': '1', 'Twilio-Request-Id': 'RQf6c13728e2880cbb3a21ec4fa98650d4', 'Twilio-Request-Duration': '0.081', 'Access-Control-Allow-Origin': '*', 'Access-Control-Allow-Headers': 'Accept, Authorization, Content-Type, If-Match, If-Modified-Since, If-None-Match, If-Unmodified-Since', 'Access-Control-Allow-Methods': 'GET, POST, DELETE, OPTIONS', 'Access-Control-Expose-Headers': 'ETag', 'Access-Control-Allow-Credentials': 'true', 'X-Powered-By': 'AT-5000', 'X-Shenanigans': 'none', 'X-Home-Region': 'us1', 'X-API-Domain': 'api.twilio.com', 'Strict-Transport-Security': 'max-age=31536000'}
08/15/2022 06:46:59 PM - INFO - 127.0.0.1 - - [15/Aug/2022 18:46:59] "POST /bot HTTP/1.1" 200 -
08/15/2022 06:48:49 PM - INFO - -- BEGIN Twilio API Request --
08/15/2022 06:48:49 PM - INFO - POST Request: https://api.twilio.com/2010-04-01/Accounts/AC7411f01678bddd238e547821ed787d20/Messages.json
08/15/2022 06:48:49 PM - INFO - Headers:
08/15/2022 06:48:49 PM - INFO - User-Agent : twilio-python/7.12.0 (Windows AMD64) Python/3.10.5
08/15/2022 06:48:49 PM - INFO - X-Twilio-Client : python-7.12.0
08/15/2022 06:48:49 PM - INFO - Accept-Charset : utf-8
08/15/2022 06:48:49 PM - INFO - Content-Type : application/x-www-form-urlencoded
08/15/2022 06:48:49 PM - INFO - Accept : application/json
08/15/2022 06:48:49 PM - INFO - -- END Twilio API Request --
08/15/2022 06:48:50 PM - INFO - Response Status Code: 201
08/15/2022 06:48:50 PM - INFO - Response Headers: {'Date': 'Mon, 15 Aug 2022 21:48:49 GMT', 'Content-Type': 'application/json; charset=utf-8', 'Content-Length': '814', 'Connection': 'keep-alive', 'Twilio-Concurrent-Requests': '1', 'Twilio-Request-Id': 'RQ766585e321541f18e88080fda63b03f2', 'Twilio-Request-Duration': '0.107', 'Access-Control-Allow-Origin': '*', 'Access-Control-Allow-Headers': 'Accept, Authorization, Content-Type, If-Match, If-Modified-Since, If-None-Match, If-Unmodified-Since', 'Access-Control-Allow-Methods': 'GET, POST, DELETE, OPTIONS', 'Access-Control-Expose-Headers': 'ETag', 'Access-Control-Allow-Credentials': 'true', 'X-Powered-By': 'AT-5000', 'X-Shenanigans': 'none', 'X-Home-Region': 'us1', 'X-API-Domain': 'api.twilio.com', 'Strict-Transport-Security': 'max-age=31536000'}
08/15/2022 06:48:50 PM - INFO - -- BEGIN Twilio API Request --
08/15/2022 06:48:50 PM - INFO - POST Request: https://api.twilio.com/2010-04-01/Accounts/AC7411f01678bddd238e547821ed787d20/Messages.json
08/15/2022 06:48:50 PM - INFO - Headers:
08/15/2022 06:48:50 PM - INFO - User-Agent : twilio-python/7.12.0 (Windows AMD64) Python/3.10.5
08/15/2022 06:48:50 PM - INFO - X-Twilio-Client : python-7.12.0
08/15/2022 06:48:50 PM - INFO - Accept-Charset : utf-8
08/15/2022 06:48:50 PM - INFO - Content-Type : application/x-www-form-urlencoded
08/15/2022 06:48:50 PM - INFO - Accept : application/json
08/15/2022 06:48:50 PM - INFO - -- END Twilio API Request --
08/15/2022 06:48:50 PM - INFO - Response Status Code: 201
08/15/2022 06:48:50 PM - INFO - Response Headers: {'Date': 'Mon, 15 Aug 2022 21:48:49 GMT', 'Content-Type': 'application/json; charset=utf-8', 'Content-Length': '803', 'Connection': 'keep-alive', 'Twilio-Concurrent-Requests': '1', 'Twilio-Request-Id': 'RQ113151b641e662e9819d8b8e69bfb47f', 'Twilio-Request-Duration': '0.094', 'Access-Control-Allow-Origin': '*', 'Access-Control-Allow-Headers': 'Accept, Authorization, Content-Type, If-Match, If-Modified-Since, If-None-Match, If-Unmodified-Since', 'Access-Control-Allow-Methods': 'GET, POST, DELETE, OPTIONS', 'Access-Control-Expose-Headers': 'ETag', 'Access-Control-Allow-Credentials': 'true', 'X-Powered-By': 'AT-5000', 'X-Shenanigans': 'none', 'X-Home-Region': 'us1', 'X-API-Domain': 'api.twilio.com', 'Strict-Transport-Security': 'max-age=31536000'}
08/15/2022 06:48:50 PM - INFO - 127.0.0.1 - - [15/Aug/2022 18:48:50] "POST /bot HTTP/1.1" 200 -
08/15/2022 06:49:19 PM - INFO -  * Detected change in 'c:\\Users\\gian2\\meus-pequenos-estudos\\bot-ficha\\jason_actions.py', reloading
08/15/2022 06:49:19 PM - INFO - importando writers.text_cumpriments...
08/15/2022 06:49:19 PM - INFO - importando jason_pastoleiro...
08/15/2022 06:49:19 PM - INFO -  * Restarting with stat
08/15/2022 06:49:20 PM - INFO - importando writers.text_cumpriments...
08/15/2022 06:49:20 PM - INFO - importando jason_pastoleiro...
08/15/2022 06:49:24 PM - WARNING -  * Debugger is active!
08/15/2022 06:49:24 PM - INFO -  * Debugger PIN: 930-941-590
08/15/2022 06:50:05 PM - INFO - -- BEGIN Twilio API Request --
08/15/2022 06:50:05 PM - INFO - POST Request: https://api.twilio.com/2010-04-01/Accounts/AC7411f01678bddd238e547821ed787d20/Messages.json
08/15/2022 06:50:05 PM - INFO - Headers:
08/15/2022 06:50:05 PM - INFO - User-Agent : twilio-python/7.12.0 (Windows AMD64) Python/3.10.5
08/15/2022 06:50:05 PM - INFO - X-Twilio-Client : python-7.12.0
08/15/2022 06:50:05 PM - INFO - Accept-Charset : utf-8
08/15/2022 06:50:05 PM - INFO - Content-Type : application/x-www-form-urlencoded
08/15/2022 06:50:05 PM - INFO - Accept : application/json
08/15/2022 06:50:05 PM - INFO - -- END Twilio API Request --
08/15/2022 06:50:06 PM - INFO - Response Status Code: 201
08/15/2022 06:50:06 PM - INFO - Response Headers: {'Date': 'Mon, 15 Aug 2022 21:50:05 GMT', 'Content-Type': 'application/json; charset=utf-8', 'Content-Length': '814', 'Connection': 'keep-alive', 'Twilio-Concurrent-Requests': '1', 'Twilio-Request-Id': 'RQdb5b3f99356b830fe1a11a3dd7cc791c', 'Twilio-Request-Duration': '0.108', 'Access-Control-Allow-Origin': '*', 'Access-Control-Allow-Headers': 'Accept, Authorization, Content-Type, If-Match, If-Modified-Since, If-None-Match, If-Unmodified-Since', 'Access-Control-Allow-Methods': 'GET, POST, DELETE, OPTIONS', 'Access-Control-Expose-Headers': 'ETag', 'Access-Control-Allow-Credentials': 'true', 'X-Powered-By': 'AT-5000', 'X-Shenanigans': 'none', 'X-Home-Region': 'us1', 'X-API-Domain': 'api.twilio.com', 'Strict-Transport-Security': 'max-age=31536000'}
08/15/2022 06:50:06 PM - INFO - -- BEGIN Twilio API Request --
08/15/2022 06:50:06 PM - INFO - POST Request: https://api.twilio.com/2010-04-01/Accounts/AC7411f01678bddd238e547821ed787d20/Messages.json
08/15/2022 06:50:06 PM - INFO - Headers:
08/15/2022 06:50:06 PM - INFO - User-Agent : twilio-python/7.12.0 (Windows AMD64) Python/3.10.5
08/15/2022 06:50:06 PM - INFO - X-Twilio-Client : python-7.12.0
08/15/2022 06:50:06 PM - INFO - Accept-Charset : utf-8
08/15/2022 06:50:06 PM - INFO - Content-Type : application/x-www-form-urlencoded
08/15/2022 06:50:06 PM - INFO - Accept : application/json
08/15/2022 06:50:06 PM - INFO - -- END Twilio API Request --
08/15/2022 06:50:06 PM - INFO - Response Status Code: 201
08/15/2022 06:50:06 PM - INFO - Response Headers: {'Date': 'Mon, 15 Aug 2022 21:50:05 GMT', 'Content-Type': 'application/json; charset=utf-8', 'Content-Length': '804', 'Connection': 'keep-alive', 'Twilio-Concurrent-Requests': '1', 'Twilio-Request-Id': 'RQ4f4d27a1b6325e8f7f557f2f31e74319', 'Twilio-Request-Duration': '0.101', 'Access-Control-Allow-Origin': '*', 'Access-Control-Allow-Headers': 'Accept, Authorization, Content-Type, If-Match, If-Modified-Since, If-None-Match, If-Unmodified-Since', 'Access-Control-Allow-Methods': 'GET, POST, DELETE, OPTIONS', 'Access-Control-Expose-Headers': 'ETag', 'Access-Control-Allow-Credentials': 'true', 'X-Powered-By': 'AT-5000', 'X-Shenanigans': 'none', 'X-Home-Region': 'us1', 'X-API-Domain': 'api.twilio.com', 'Strict-Transport-Security': 'max-age=31536000'}
08/15/2022 06:50:06 PM - INFO - 127.0.0.1 - - [15/Aug/2022 18:50:06] "POST /bot HTTP/1.1" 200 -
08/15/2022 06:50:47 PM - INFO -  * Detected change in 'c:\\Users\\gian2\\meus-pequenos-estudos\\bot-ficha\\jason_pastoleiro.py', reloading
08/15/2022 06:50:47 PM - INFO -  * Restarting with stat
08/15/2022 06:50:47 PM - INFO - importando writers.text_cumpriments...
08/15/2022 06:50:47 PM - INFO - importando jason_pastoleiro...
08/15/2022 06:50:47 PM - INFO - importando writers.text_cumpriments...
08/15/2022 06:50:47 PM - INFO - importando jason_pastoleiro...
08/15/2022 06:50:47 PM - WARNING -  * Debugger is active!
08/15/2022 06:50:47 PM - INFO -  * Debugger PIN: 930-941-590
08/15/2022 06:50:53 PM - INFO - importando writers.text_cumpriments...
08/15/2022 06:50:53 PM - INFO - importando jason_pastoleiro...
08/15/2022 06:50:54 PM - INFO -  * Detected change in 'c:\\Users\\gian2\\meus-pequenos-estudos\\bot-ficha\\jason_pastoleiro.py', reloading
08/15/2022 06:50:54 PM - INFO -  * Restarting with stat
08/15/2022 06:50:54 PM - INFO - importando writers.text_cumpriments...
08/15/2022 06:50:54 PM - INFO - importando jason_pastoleiro...
08/15/2022 06:50:54 PM - WARNING -  * Debugger is active!
08/15/2022 06:50:54 PM - INFO -  * Debugger PIN: 930-941-590
08/15/2022 06:52:37 PM - INFO - -- BEGIN Twilio API Request --
08/15/2022 06:52:37 PM - INFO - POST Request: https://api.twilio.com/2010-04-01/Accounts/AC7411f01678bddd238e547821ed787d20/Messages.json
08/15/2022 06:52:37 PM - INFO - Headers:
08/15/2022 06:52:37 PM - INFO - User-Agent : twilio-python/7.12.0 (Windows AMD64) Python/3.10.5
08/15/2022 06:52:37 PM - INFO - X-Twilio-Client : python-7.12.0
08/15/2022 06:52:37 PM - INFO - Accept-Charset : utf-8
08/15/2022 06:52:37 PM - INFO - Content-Type : application/x-www-form-urlencoded
08/15/2022 06:52:37 PM - INFO - Accept : application/json
08/15/2022 06:52:37 PM - INFO - -- END Twilio API Request --
08/15/2022 06:52:38 PM - INFO - Response Status Code: 201
08/15/2022 06:52:38 PM - INFO - Response Headers: {'Date': 'Mon, 15 Aug 2022 21:52:37 GMT', 'Content-Type': 'application/json; charset=utf-8', 'Content-Length': '814', 'Connection': 'keep-alive', 'Twilio-Concurrent-Requests': '1', 'Twilio-Request-Id': 'RQ83f51c89d0b13e58f1c7f13ff16a141c', 'Twilio-Request-Duration': '0.098', 'Access-Control-Allow-Origin': '*', 'Access-Control-Allow-Headers': 'Accept, Authorization, Content-Type, If-Match, If-Modified-Since, If-None-Match, If-Unmodified-Since', 'Access-Control-Allow-Methods': 'GET, POST, DELETE, OPTIONS', 'Access-Control-Expose-Headers': 'ETag', 'Access-Control-Allow-Credentials': 'true', 'X-Powered-By': 'AT-5000', 'X-Shenanigans': 'none', 'X-Home-Region': 'us1', 'X-API-Domain': 'api.twilio.com', 'Strict-Transport-Security': 'max-age=31536000'}
08/15/2022 06:52:38 PM - INFO - -- BEGIN Twilio API Request --
08/15/2022 06:52:38 PM - INFO - POST Request: https://api.twilio.com/2010-04-01/Accounts/AC7411f01678bddd238e547821ed787d20/Messages.json
08/15/2022 06:52:38 PM - INFO - Headers:
08/15/2022 06:52:38 PM - INFO - User-Agent : twilio-python/7.12.0 (Windows AMD64) Python/3.10.5
08/15/2022 06:52:38 PM - INFO - X-Twilio-Client : python-7.12.0
08/15/2022 06:52:38 PM - INFO - Accept-Charset : utf-8
08/15/2022 06:52:38 PM - INFO - Content-Type : application/x-www-form-urlencoded
08/15/2022 06:52:38 PM - INFO - Accept : application/json
08/15/2022 06:52:38 PM - INFO - -- END Twilio API Request --
08/15/2022 06:52:39 PM - INFO - Response Status Code: 201
08/15/2022 06:52:39 PM - INFO - Response Headers: {'Date': 'Mon, 15 Aug 2022 21:52:38 GMT', 'Content-Type': 'application/json; charset=utf-8', 'Content-Length': '804', 'Connection': 'keep-alive', 'Twilio-Concurrent-Requests': '1', 'Twilio-Request-Id': 'RQ65bca89318501eb702111b6cd080c612', 'Twilio-Request-Duration': '0.100', 'Access-Control-Allow-Origin': '*', 'Access-Control-Allow-Headers': 'Accept, Authorization, Content-Type, If-Match, If-Modified-Since, If-None-Match, If-Unmodified-Since', 'Access-Control-Allow-Methods': 'GET, POST, DELETE, OPTIONS', 'Access-Control-Expose-Headers': 'ETag', 'Access-Control-Allow-Credentials': 'true', 'X-Powered-By': 'AT-5000', 'X-Shenanigans': 'none', 'X-Home-Region': 'us1', 'X-API-Domain': 'api.twilio.com', 'Strict-Transport-Security': 'max-age=31536000'}
08/15/2022 06:52:39 PM - INFO - 127.0.0.1 - - [15/Aug/2022 18:52:39] "POST /bot HTTP/1.1" 200 -
08/15/2022 06:52:49 PM - INFO - -- BEGIN Twilio API Request --
08/15/2022 06:52:49 PM - INFO - POST Request: https://api.twilio.com/2010-04-01/Accounts/AC7411f01678bddd238e547821ed787d20/Messages.json
08/15/2022 06:52:49 PM - INFO - Headers:
08/15/2022 06:52:49 PM - INFO - User-Agent : twilio-python/7.12.0 (Windows AMD64) Python/3.10.5
08/15/2022 06:52:49 PM - INFO - X-Twilio-Client : python-7.12.0
08/15/2022 06:52:49 PM - INFO - Accept-Charset : utf-8
08/15/2022 06:52:49 PM - INFO - Content-Type : application/x-www-form-urlencoded
08/15/2022 06:52:49 PM - INFO - Accept : application/json
08/15/2022 06:52:49 PM - INFO - -- END Twilio API Request --
08/15/2022 06:52:49 PM - INFO - Response Status Code: 201
08/15/2022 06:52:49 PM - INFO - Response Headers: {'Date': 'Mon, 15 Aug 2022 21:52:48 GMT', 'Content-Type': 'application/json; charset=utf-8', 'Content-Length': '815', 'Connection': 'keep-alive', 'Twilio-Concurrent-Requests': '1', 'Twilio-Request-Id': 'RQ0d16d2800c0e5123b96a7e08576eaa71', 'Twilio-Request-Duration': '0.084', 'Access-Control-Allow-Origin': '*', 'Access-Control-Allow-Headers': 'Accept, Authorization, Content-Type, If-Match, If-Modified-Since, If-None-Match, If-Unmodified-Since', 'Access-Control-Allow-Methods': 'GET, POST, DELETE, OPTIONS', 'Access-Control-Expose-Headers': 'ETag', 'Access-Control-Allow-Credentials': 'true', 'X-Powered-By': 'AT-5000', 'X-Shenanigans': 'none', 'X-Home-Region': 'us1', 'X-API-Domain': 'api.twilio.com', 'Strict-Transport-Security': 'max-age=31536000'}
08/15/2022 06:52:49 PM - INFO - -- BEGIN Twilio API Request --
08/15/2022 06:52:49 PM - INFO - POST Request: https://api.twilio.com/2010-04-01/Accounts/AC7411f01678bddd238e547821ed787d20/Messages.json
08/15/2022 06:52:49 PM - INFO - Headers:
08/15/2022 06:52:49 PM - INFO - User-Agent : twilio-python/7.12.0 (Windows AMD64) Python/3.10.5
08/15/2022 06:52:49 PM - INFO - X-Twilio-Client : python-7.12.0
08/15/2022 06:52:49 PM - INFO - Accept-Charset : utf-8
08/15/2022 06:52:49 PM - INFO - Content-Type : application/x-www-form-urlencoded
08/15/2022 06:52:49 PM - INFO - Accept : application/json
08/15/2022 06:52:49 PM - INFO - -- END Twilio API Request --
08/15/2022 06:52:49 PM - INFO - Response Status Code: 201
08/15/2022 06:52:49 PM - INFO - Response Headers: {'Date': 'Mon, 15 Aug 2022 21:52:48 GMT', 'Content-Type': 'application/json; charset=utf-8', 'Content-Length': '809', 'Connection': 'keep-alive', 'Twilio-Concurrent-Requests': '1', 'Twilio-Request-Id': 'RQf4e424591bc7040d0535e337a3449db2', 'Twilio-Request-Duration': '0.084', 'Access-Control-Allow-Origin': '*', 'Access-Control-Allow-Headers': 'Accept, Authorization, Content-Type, If-Match, If-Modified-Since, If-None-Match, If-Unmodified-Since', 'Access-Control-Allow-Methods': 'GET, POST, DELETE, OPTIONS', 'Access-Control-Expose-Headers': 'ETag', 'Access-Control-Allow-Credentials': 'true', 'X-Powered-By': 'AT-5000', 'X-Shenanigans': 'none', 'X-Home-Region': 'us1', 'X-API-Domain': 'api.twilio.com', 'Strict-Transport-Security': 'max-age=31536000'}
08/15/2022 06:52:49 PM - INFO - 127.0.0.1 - - [15/Aug/2022 18:52:49] "POST /bot HTTP/1.1" 200 -
08/15/2022 06:53:20 PM - INFO - 127.0.0.1 - - [15/Aug/2022 18:53:20] "POST /bot HTTP/1.1" 200 -
08/15/2022 06:53:35 PM - INFO - -- BEGIN Twilio API Request --
08/15/2022 06:53:35 PM - INFO - POST Request: https://api.twilio.com/2010-04-01/Accounts/AC7411f01678bddd238e547821ed787d20/Messages.json
08/15/2022 06:53:35 PM - INFO - Headers:
08/15/2022 06:53:35 PM - INFO - User-Agent : twilio-python/7.12.0 (Windows AMD64) Python/3.10.5
08/15/2022 06:53:35 PM - INFO - X-Twilio-Client : python-7.12.0
08/15/2022 06:53:35 PM - INFO - Accept-Charset : utf-8
08/15/2022 06:53:35 PM - INFO - Content-Type : application/x-www-form-urlencoded
08/15/2022 06:53:35 PM - INFO - Accept : application/json
08/15/2022 06:53:35 PM - INFO - -- END Twilio API Request --
08/15/2022 06:53:35 PM - INFO - Response Status Code: 201
08/15/2022 06:53:35 PM - INFO - Response Headers: {'Date': 'Mon, 15 Aug 2022 21:53:34 GMT', 'Content-Type': 'application/json; charset=utf-8', 'Content-Length': '815', 'Connection': 'keep-alive', 'Twilio-Concurrent-Requests': '1', 'Twilio-Request-Id': 'RQ1b9e67afe30a7467d6bc442eceefe2f2', 'Twilio-Request-Duration': '0.085', 'Access-Control-Allow-Origin': '*', 'Access-Control-Allow-Headers': 'Accept, Authorization, Content-Type, If-Match, If-Modified-Since, If-None-Match, If-Unmodified-Since', 'Access-Control-Allow-Methods': 'GET, POST, DELETE, OPTIONS', 'Access-Control-Expose-Headers': 'ETag', 'Access-Control-Allow-Credentials': 'true', 'X-Powered-By': 'AT-5000', 'X-Shenanigans': 'none', 'X-Home-Region': 'us1', 'X-API-Domain': 'api.twilio.com', 'Strict-Transport-Security': 'max-age=31536000'}
08/15/2022 06:53:35 PM - INFO - -- BEGIN Twilio API Request --
08/15/2022 06:53:35 PM - INFO - POST Request: https://api.twilio.com/2010-04-01/Accounts/AC7411f01678bddd238e547821ed787d20/Messages.json
08/15/2022 06:53:35 PM - INFO - Headers:
08/15/2022 06:53:35 PM - INFO - User-Agent : twilio-python/7.12.0 (Windows AMD64) Python/3.10.5
08/15/2022 06:53:35 PM - INFO - X-Twilio-Client : python-7.12.0
08/15/2022 06:53:35 PM - INFO - Accept-Charset : utf-8
08/15/2022 06:53:35 PM - INFO - Content-Type : application/x-www-form-urlencoded
08/15/2022 06:53:35 PM - INFO - Accept : application/json
08/15/2022 06:53:35 PM - INFO - -- END Twilio API Request --
08/15/2022 06:53:35 PM - INFO - Response Status Code: 201
08/15/2022 06:53:35 PM - INFO - Response Headers: {'Date': 'Mon, 15 Aug 2022 21:53:35 GMT', 'Content-Type': 'application/json; charset=utf-8', 'Content-Length': '809', 'Connection': 'keep-alive', 'Twilio-Concurrent-Requests': '1', 'Twilio-Request-Id': 'RQ3df9cfb1a146feeca9c5e0a1480cd870', 'Twilio-Request-Duration': '0.080', 'Access-Control-Allow-Origin': '*', 'Access-Control-Allow-Headers': 'Accept, Authorization, Content-Type, If-Match, If-Modified-Since, If-None-Match, If-Unmodified-Since', 'Access-Control-Allow-Methods': 'GET, POST, DELETE, OPTIONS', 'Access-Control-Expose-Headers': 'ETag', 'Access-Control-Allow-Credentials': 'true', 'X-Powered-By': 'AT-5000', 'X-Shenanigans': 'none', 'X-Home-Region': 'us1', 'X-API-Domain': 'api.twilio.com', 'Strict-Transport-Security': 'max-age=31536000'}
08/15/2022 06:53:35 PM - INFO - 127.0.0.1 - - [15/Aug/2022 18:53:35] "POST /bot HTTP/1.1" 200 -
08/15/2022 06:53:58 PM - INFO - importando writers.text_cumpriments...
08/15/2022 06:53:58 PM - INFO - importando jason_pastoleiro...
08/15/2022 06:53:58 PM - INFO -  * Detected change in 'c:\\Users\\gian2\\meus-pequenos-estudos\\bot-ficha\\jason_actions.py', reloading
08/15/2022 06:53:58 PM - INFO -  * Restarting with stat
08/15/2022 06:53:59 PM - INFO - importando writers.text_cumpriments...
08/15/2022 06:53:59 PM - INFO - importando jason_pastoleiro...
08/15/2022 06:54:00 PM - INFO - importando writers.text_cumpriments...
08/15/2022 06:54:00 PM - INFO - importando jason_pastoleiro...
08/15/2022 06:54:02 PM - WARNING -  * Debugger is active!
08/15/2022 06:54:02 PM - INFO -  * Debugger PIN: 930-941-590
08/15/2022 06:54:05 PM - INFO -  * Detected change in 'c:\\Users\\gian2\\meus-pequenos-estudos\\bot-ficha\\jason_actions.py', reloading
08/15/2022 06:54:05 PM - INFO -  * Restarting with stat
08/15/2022 06:54:05 PM - INFO - importando writers.text_cumpriments...
08/15/2022 06:54:05 PM - INFO - importando jason_pastoleiro...
08/15/2022 06:54:06 PM - INFO - importando writers.text_cumpriments...
08/15/2022 06:54:06 PM - INFO - importando jason_pastoleiro...
08/15/2022 06:54:06 PM - WARNING -  * Debugger is active!
08/15/2022 06:54:06 PM - INFO -  * Debugger PIN: 930-941-590
08/15/2022 06:54:14 PM - INFO - -- BEGIN Twilio API Request --
08/15/2022 06:54:14 PM - INFO - POST Request: https://api.twilio.com/2010-04-01/Accounts/AC7411f01678bddd238e547821ed787d20/Messages.json
08/15/2022 06:54:14 PM - INFO - Headers:
08/15/2022 06:54:14 PM - INFO - User-Agent : twilio-python/7.12.0 (Windows AMD64) Python/3.10.5
08/15/2022 06:54:14 PM - INFO - X-Twilio-Client : python-7.12.0
08/15/2022 06:54:14 PM - INFO - Accept-Charset : utf-8
08/15/2022 06:54:14 PM - INFO - Content-Type : application/x-www-form-urlencoded
08/15/2022 06:54:14 PM - INFO - Accept : application/json
08/15/2022 06:54:14 PM - INFO - -- END Twilio API Request --
08/15/2022 06:54:15 PM - INFO - Response Status Code: 201
08/15/2022 06:54:15 PM - INFO - Response Headers: {'Date': 'Mon, 15 Aug 2022 21:54:14 GMT', 'Content-Type': 'application/json; charset=utf-8', 'Content-Length': '815', 'Connection': 'keep-alive', 'Twilio-Concurrent-Requests': '1', 'Twilio-Request-Id': 'RQ31eb4af68892389ff68affc833992003', 'Twilio-Request-Duration': '0.129', 'Access-Control-Allow-Origin': '*', 'Access-Control-Allow-Headers': 'Accept, Authorization, Content-Type, If-Match, If-Modified-Since, If-None-Match, If-Unmodified-Since', 'Access-Control-Allow-Methods': 'GET, POST, DELETE, OPTIONS', 'Access-Control-Expose-Headers': 'ETag', 'Access-Control-Allow-Credentials': 'true', 'X-Powered-By': 'AT-5000', 'X-Shenanigans': 'none', 'X-Home-Region': 'us1', 'X-API-Domain': 'api.twilio.com', 'Strict-Transport-Security': 'max-age=31536000'}
08/15/2022 06:54:15 PM - INFO - -- BEGIN Twilio API Request --
08/15/2022 06:54:15 PM - INFO - POST Request: https://api.twilio.com/2010-04-01/Accounts/AC7411f01678bddd238e547821ed787d20/Messages.json
08/15/2022 06:54:15 PM - INFO - Headers:
08/15/2022 06:54:15 PM - INFO - User-Agent : twilio-python/7.12.0 (Windows AMD64) Python/3.10.5
08/15/2022 06:54:15 PM - INFO - X-Twilio-Client : python-7.12.0
08/15/2022 06:54:15 PM - INFO - Accept-Charset : utf-8
08/15/2022 06:54:15 PM - INFO - Content-Type : application/x-www-form-urlencoded
08/15/2022 06:54:15 PM - INFO - Accept : application/json
08/15/2022 06:54:15 PM - INFO - -- END Twilio API Request --
08/15/2022 06:54:15 PM - INFO - Response Status Code: 201
08/15/2022 06:54:15 PM - INFO - Response Headers: {'Date': 'Mon, 15 Aug 2022 21:54:15 GMT', 'Content-Type': 'application/json; charset=utf-8', 'Content-Length': '811', 'Connection': 'keep-alive', 'Twilio-Concurrent-Requests': '1', 'Twilio-Request-Id': 'RQ265b200a86d6ae6eb6fc8e585a28bd89', 'Twilio-Request-Duration': '0.094', 'Access-Control-Allow-Origin': '*', 'Access-Control-Allow-Headers': 'Accept, Authorization, Content-Type, If-Match, If-Modified-Since, If-None-Match, If-Unmodified-Since', 'Access-Control-Allow-Methods': 'GET, POST, DELETE, OPTIONS', 'Access-Control-Expose-Headers': 'ETag', 'Access-Control-Allow-Credentials': 'true', 'X-Powered-By': 'AT-5000', 'X-Shenanigans': 'none', 'X-Home-Region': 'us1', 'X-API-Domain': 'api.twilio.com', 'Strict-Transport-Security': 'max-age=31536000'}
08/15/2022 06:54:15 PM - INFO - 127.0.0.1 - - [15/Aug/2022 18:54:15] "POST /bot HTTP/1.1" 200 -
08/15/2022 06:54:39 PM - INFO - importando writers.text_cumpriments...
08/15/2022 06:54:39 PM - INFO - importando jason_pastoleiro...
08/15/2022 06:54:39 PM - INFO -  * Running on http://127.0.0.1:5000 (Press CTRL+C to quit)
08/15/2022 06:54:39 PM - INFO -  * Restarting with stat
08/15/2022 06:54:40 PM - INFO - importando writers.text_cumpriments...
08/15/2022 06:54:40 PM - INFO - importando jason_pastoleiro...
08/15/2022 06:54:40 PM - WARNING -  * Debugger is active!
08/15/2022 06:54:40 PM - INFO -  * Debugger PIN: 930-941-590
08/15/2022 06:54:47 PM - INFO - -- BEGIN Twilio API Request --
08/15/2022 06:54:47 PM - INFO - POST Request: https://api.twilio.com/2010-04-01/Accounts/AC7411f01678bddd238e547821ed787d20/Messages.json
08/15/2022 06:54:47 PM - INFO - Headers:
08/15/2022 06:54:47 PM - INFO - User-Agent : twilio-python/7.12.0 (Windows AMD64) Python/3.10.5
08/15/2022 06:54:47 PM - INFO - X-Twilio-Client : python-7.12.0
08/15/2022 06:54:47 PM - INFO - Accept-Charset : utf-8
08/15/2022 06:54:47 PM - INFO - Content-Type : application/x-www-form-urlencoded
08/15/2022 06:54:47 PM - INFO - Accept : application/json
08/15/2022 06:54:47 PM - INFO - -- END Twilio API Request --
08/15/2022 06:54:48 PM - INFO - Response Status Code: 201
08/15/2022 06:54:48 PM - INFO - Response Headers: {'Date': 'Mon, 15 Aug 2022 21:54:47 GMT', 'Content-Type': 'application/json; charset=utf-8', 'Content-Length': '815', 'Connection': 'keep-alive', 'Twilio-Concurrent-Requests': '1', 'Twilio-Request-Id': 'RQ159f710d39525ba2dc1ad904fd426076', 'Twilio-Request-Duration': '0.100', 'Access-Control-Allow-Origin': '*', 'Access-Control-Allow-Headers': 'Accept, Authorization, Content-Type, If-Match, If-Modified-Since, If-None-Match, If-Unmodified-Since', 'Access-Control-Allow-Methods': 'GET, POST, DELETE, OPTIONS', 'Access-Control-Expose-Headers': 'ETag', 'Access-Control-Allow-Credentials': 'true', 'X-Powered-By': 'AT-5000', 'X-Shenanigans': 'none', 'X-Home-Region': 'us1', 'X-API-Domain': 'api.twilio.com', 'Strict-Transport-Security': 'max-age=31536000'}
08/15/2022 06:54:48 PM - INFO - -- BEGIN Twilio API Request --
08/15/2022 06:54:48 PM - INFO - POST Request: https://api.twilio.com/2010-04-01/Accounts/AC7411f01678bddd238e547821ed787d20/Messages.json
08/15/2022 06:54:48 PM - INFO - Headers:
08/15/2022 06:54:48 PM - INFO - User-Agent : twilio-python/7.12.0 (Windows AMD64) Python/3.10.5
08/15/2022 06:54:48 PM - INFO - X-Twilio-Client : python-7.12.0
08/15/2022 06:54:48 PM - INFO - Accept-Charset : utf-8
08/15/2022 06:54:48 PM - INFO - Content-Type : application/x-www-form-urlencoded
08/15/2022 06:54:48 PM - INFO - Accept : application/json
08/15/2022 06:54:48 PM - INFO - -- END Twilio API Request --
08/15/2022 06:54:48 PM - INFO - Response Status Code: 201
08/15/2022 06:54:48 PM - INFO - Response Headers: {'Date': 'Mon, 15 Aug 2022 21:54:48 GMT', 'Content-Type': 'application/json; charset=utf-8', 'Content-Length': '811', 'Connection': 'keep-alive', 'Twilio-Concurrent-Requests': '1', 'Twilio-Request-Id': 'RQ1396e8396cad766c94bc04eef8394a05', 'Twilio-Request-Duration': '0.091', 'Access-Control-Allow-Origin': '*', 'Access-Control-Allow-Headers': 'Accept, Authorization, Content-Type, If-Match, If-Modified-Since, If-None-Match, If-Unmodified-Since', 'Access-Control-Allow-Methods': 'GET, POST, DELETE, OPTIONS', 'Access-Control-Expose-Headers': 'ETag', 'Access-Control-Allow-Credentials': 'true', 'X-Powered-By': 'AT-5000', 'X-Shenanigans': 'none', 'X-Home-Region': 'us1', 'X-API-Domain': 'api.twilio.com', 'Strict-Transport-Security': 'max-age=31536000'}
08/15/2022 06:54:48 PM - INFO - 127.0.0.1 - - [15/Aug/2022 18:54:48] "POST /bot HTTP/1.1" 200 -
08/15/2022 06:54:59 PM - INFO - -- BEGIN Twilio API Request --
08/15/2022 06:54:59 PM - INFO - POST Request: https://api.twilio.com/2010-04-01/Accounts/AC7411f01678bddd238e547821ed787d20/Messages.json
08/15/2022 06:54:59 PM - INFO - Headers:
08/15/2022 06:54:59 PM - INFO - User-Agent : twilio-python/7.12.0 (Windows AMD64) Python/3.10.5
08/15/2022 06:54:59 PM - INFO - X-Twilio-Client : python-7.12.0
08/15/2022 06:54:59 PM - INFO - Accept-Charset : utf-8
08/15/2022 06:54:59 PM - INFO - Content-Type : application/x-www-form-urlencoded
08/15/2022 06:54:59 PM - INFO - Accept : application/json
08/15/2022 06:54:59 PM - INFO - -- END Twilio API Request --
08/15/2022 06:54:59 PM - INFO - Response Status Code: 201
08/15/2022 06:54:59 PM - INFO - Response Headers: {'Date': 'Mon, 15 Aug 2022 21:54:58 GMT', 'Content-Type': 'application/json; charset=utf-8', 'Content-Length': '811', 'Connection': 'keep-alive', 'Twilio-Concurrent-Requests': '1', 'Twilio-Request-Id': 'RQb7eac2c7d273e4f1c1490c2470e599f3', 'Twilio-Request-Duration': '0.098', 'Access-Control-Allow-Origin': '*', 'Access-Control-Allow-Headers': 'Accept, Authorization, Content-Type, If-Match, If-Modified-Since, If-None-Match, If-Unmodified-Since', 'Access-Control-Allow-Methods': 'GET, POST, DELETE, OPTIONS', 'Access-Control-Expose-Headers': 'ETag', 'Access-Control-Allow-Credentials': 'true', 'X-Powered-By': 'AT-5000', 'X-Shenanigans': 'none', 'X-Home-Region': 'us1', 'X-API-Domain': 'api.twilio.com', 'Strict-Transport-Security': 'max-age=31536000'}
08/15/2022 06:54:59 PM - INFO - -- BEGIN Twilio API Request --
08/15/2022 06:54:59 PM - INFO - POST Request: https://api.twilio.com/2010-04-01/Accounts/AC7411f01678bddd238e547821ed787d20/Messages.json
08/15/2022 06:54:59 PM - INFO - Headers:
08/15/2022 06:54:59 PM - INFO - User-Agent : twilio-python/7.12.0 (Windows AMD64) Python/3.10.5
08/15/2022 06:54:59 PM - INFO - X-Twilio-Client : python-7.12.0
08/15/2022 06:54:59 PM - INFO - Accept-Charset : utf-8
08/15/2022 06:54:59 PM - INFO - Content-Type : application/x-www-form-urlencoded
08/15/2022 06:54:59 PM - INFO - Accept : application/json
08/15/2022 06:54:59 PM - INFO - -- END Twilio API Request --
08/15/2022 06:54:59 PM - INFO - Response Status Code: 201
08/15/2022 06:54:59 PM - INFO - Response Headers: {'Date': 'Mon, 15 Aug 2022 21:54:59 GMT', 'Content-Type': 'application/json; charset=utf-8', 'Content-Length': '857', 'Connection': 'keep-alive', 'Twilio-Concurrent-Requests': '1', 'Twilio-Request-Id': 'RQea65e87c543a4a2d4c028ca25c0df939', 'Twilio-Request-Duration': '0.102', 'Access-Control-Allow-Origin': '*', 'Access-Control-Allow-Headers': 'Accept, Authorization, Content-Type, If-Match, If-Modified-Since, If-None-Match, If-Unmodified-Since', 'Access-Control-Allow-Methods': 'GET, POST, DELETE, OPTIONS', 'Access-Control-Expose-Headers': 'ETag', 'Access-Control-Allow-Credentials': 'true', 'X-Powered-By': 'AT-5000', 'X-Shenanigans': 'none', 'X-Home-Region': 'us1', 'X-API-Domain': 'api.twilio.com', 'Strict-Transport-Security': 'max-age=31536000'}
08/15/2022 06:54:59 PM - INFO - 127.0.0.1 - - [15/Aug/2022 18:54:59] "POST /bot HTTP/1.1" 200 -
08/15/2022 06:56:38 PM - INFO - importando writers.text_cumpriments...
08/15/2022 06:56:38 PM - INFO - importando jason_pastoleiro...
08/15/2022 06:56:51 PM - INFO - importando writers.text_cumpriments...
08/15/2022 06:56:51 PM - INFO - importando jason_pastoleiro...
08/15/2022 06:59:01 PM - INFO - 127.0.0.1 - - [15/Aug/2022 18:59:01] "GET / HTTP/1.1" 200 -
08/15/2022 06:59:02 PM - INFO - 127.0.0.1 - - [15/Aug/2022 18:59:02] "[33mGET /favicon.ico HTTP/1.1[0m" 404 -
08/15/2022 06:59:16 PM - INFO -  * Detected change in 'c:\\Users\\gian2\\meus-pequenos-estudos\\bot-ficha\\jason_messages.py', reloading
08/15/2022 06:59:16 PM - INFO -  * Restarting with stat
08/15/2022 06:59:16 PM - INFO - importando writers.text_cumpriments...
08/15/2022 06:59:16 PM - INFO - importando jason_pastoleiro...
08/15/2022 06:59:17 PM - INFO - importando writers.text_cumpriments...
08/15/2022 06:59:17 PM - INFO - importando jason_pastoleiro...
08/15/2022 06:59:17 PM - WARNING -  * Debugger is active!
08/15/2022 06:59:17 PM - INFO -  * Debugger PIN: 930-941-590
08/15/2022 06:59:19 PM - INFO -  * Detected change in 'c:\\Users\\gian2\\meus-pequenos-estudos\\bot-ficha\\jason_messages.py', reloading
08/15/2022 06:59:19 PM - INFO -  * Restarting with stat
08/15/2022 06:59:20 PM - INFO - importando writers.text_cumpriments...
08/15/2022 06:59:20 PM - INFO - importando jason_pastoleiro...
08/15/2022 06:59:20 PM - INFO - importando writers.text_cumpriments...
08/15/2022 06:59:20 PM - INFO - importando jason_pastoleiro...
08/15/2022 06:59:20 PM - WARNING -  * Debugger is active!
08/15/2022 06:59:20 PM - INFO -  * Debugger PIN: 930-941-590
08/15/2022 06:59:21 PM - INFO - importando writers.text_cumpriments...
08/15/2022 06:59:21 PM - INFO - importando jason_pastoleiro...
08/15/2022 06:59:25 PM - INFO -  * Detected change in 'c:\\Users\\gian2\\meus-pequenos-estudos\\bot-ficha\\jason_messages.py', reloading
08/15/2022 06:59:25 PM - INFO -  * Restarting with stat
08/15/2022 06:59:25 PM - INFO - importando writers.text_cumpriments...
08/15/2022 06:59:25 PM - INFO - importando jason_pastoleiro...
08/15/2022 06:59:27 PM - INFO - importando writers.text_cumpriments...
08/15/2022 06:59:27 PM - INFO - importando jason_pastoleiro...
08/15/2022 06:59:30 PM - INFO - importando writers.text_cumpriments...
08/15/2022 06:59:30 PM - INFO - importando jason_pastoleiro...
08/15/2022 06:59:30 PM - INFO -  * Running on http://127.0.0.1:5000 (Press CTRL+C to quit)
08/15/2022 06:59:30 PM - INFO -  * Restarting with stat
08/15/2022 06:59:30 PM - INFO - importando writers.text_cumpriments...
08/15/2022 06:59:30 PM - INFO - importando jason_pastoleiro...
08/15/2022 06:59:30 PM - WARNING -  * Debugger is active!
08/15/2022 06:59:30 PM - INFO -  * Debugger PIN: 930-941-590
08/15/2022 06:59:34 PM - INFO - importando writers.text_cumpriments...
08/15/2022 06:59:34 PM - INFO - importando jason_pastoleiro...
08/15/2022 06:59:34 PM - INFO -  * Detected change in 'c:\\Users\\gian2\\meus-pequenos-estudos\\bot-ficha\\jason_messages.py', reloading
08/15/2022 06:59:34 PM - INFO -  * Restarting with stat
08/15/2022 06:59:35 PM - INFO - importando writers.text_cumpriments...
08/15/2022 06:59:35 PM - INFO - importando jason_pastoleiro...
08/15/2022 06:59:35 PM - WARNING -  * Debugger is active!
08/15/2022 06:59:35 PM - INFO -  * Debugger PIN: 930-941-590
08/15/2022 06:59:39 PM - INFO -  * Detected change in 'c:\\Users\\gian2\\meus-pequenos-estudos\\bot-ficha\\jason_messages.py', reloading
08/15/2022 06:59:39 PM - INFO -  * Restarting with stat
08/15/2022 06:59:40 PM - INFO - importando writers.text_cumpriments...
08/15/2022 06:59:40 PM - INFO - importando jason_pastoleiro...
08/15/2022 06:59:40 PM - INFO - importando writers.text_cumpriments...
08/15/2022 06:59:40 PM - INFO - importando jason_pastoleiro...
08/15/2022 06:59:40 PM - WARNING -  * Debugger is active!
08/15/2022 06:59:40 PM - INFO -  * Debugger PIN: 930-941-590
08/15/2022 06:59:42 PM - INFO -  * Detected change in 'c:\\Users\\gian2\\meus-pequenos-estudos\\bot-ficha\\jason_messages.py', reloading
08/15/2022 06:59:42 PM - INFO -  * Restarting with stat
08/15/2022 06:59:42 PM - INFO - importando writers.text_cumpriments...
08/15/2022 06:59:42 PM - INFO - importando jason_pastoleiro...
08/15/2022 06:59:43 PM - INFO - importando writers.text_cumpriments...
08/15/2022 06:59:43 PM - INFO - importando jason_pastoleiro...
08/15/2022 06:59:43 PM - WARNING -  * Debugger is active!
08/15/2022 06:59:43 PM - INFO -  * Debugger PIN: 930-941-590
08/15/2022 06:59:44 PM - INFO - 127.0.0.1 - - [15/Aug/2022 18:59:44] "GET / HTTP/1.1" 200 -
08/15/2022 07:01:43 PM - INFO -  * Detected change in 'c:\\Users\\gian2\\meus-pequenos-estudos\\bot-ficha\\jason_messages.py', reloading
08/15/2022 07:01:43 PM - INFO -  * Restarting with stat
08/15/2022 07:01:44 PM - INFO - importando writers.text_cumpriments...
08/15/2022 07:01:44 PM - INFO - importando jason_pastoleiro...
08/15/2022 07:01:50 PM - INFO - importando writers.text_cumpriments...
08/15/2022 07:01:50 PM - INFO - importando jason_pastoleiro...
08/15/2022 07:01:50 PM - INFO - importando writers.text_cumpriments...
08/15/2022 07:01:50 PM - INFO - importando jason_pastoleiro...
08/15/2022 07:01:51 PM - WARNING -  * Debugger is active!
08/15/2022 07:01:51 PM - INFO -  * Debugger PIN: 930-941-590
08/15/2022 07:01:55 PM - INFO -  * Detected change in 'c:\\Users\\gian2\\meus-pequenos-estudos\\bot-ficha\\jason_messages.py', reloading
08/15/2022 07:01:55 PM - INFO -  * Restarting with stat
08/15/2022 07:01:55 PM - INFO - importando writers.text_cumpriments...
08/15/2022 07:01:55 PM - INFO - importando jason_pastoleiro...
08/15/2022 07:01:58 PM - INFO - importando writers.text_cumpriments...
08/15/2022 07:01:58 PM - INFO - importando jason_pastoleiro...
08/15/2022 07:02:00 PM - INFO - importando writers.text_cumpriments...
08/15/2022 07:02:00 PM - INFO - importando jason_pastoleiro...
08/15/2022 07:02:02 PM - INFO - importando writers.text_cumpriments...
08/15/2022 07:02:02 PM - INFO - importando jason_pastoleiro...
08/15/2022 07:02:02 PM - INFO - importando writers.text_cumpriments...
08/15/2022 07:02:02 PM - INFO - importando jason_pastoleiro...
08/15/2022 07:02:05 PM - INFO - importando writers.text_cumpriments...
08/15/2022 07:02:05 PM - INFO - importando jason_pastoleiro...
08/15/2022 07:02:07 PM - INFO - importando writers.text_cumpriments...
08/15/2022 07:02:07 PM - INFO - importando jason_pastoleiro...
08/15/2022 07:02:10 PM - INFO - importando writers.text_cumpriments...
08/15/2022 07:02:10 PM - INFO - importando jason_pastoleiro...
08/15/2022 07:02:12 PM - INFO - importando writers.text_cumpriments...
08/15/2022 07:02:12 PM - INFO - importando jason_pastoleiro...
08/15/2022 07:02:17 PM - INFO - importando writers.text_cumpriments...
08/15/2022 07:02:17 PM - INFO - importando jason_pastoleiro...
08/15/2022 07:02:20 PM - INFO - importando writers.text_cumpriments...
08/15/2022 07:02:20 PM - INFO - importando jason_pastoleiro...
08/15/2022 07:02:25 PM - INFO - importando writers.text_cumpriments...
08/15/2022 07:02:25 PM - INFO - importando jason_pastoleiro...
08/15/2022 07:02:32 PM - INFO - importando writers.text_cumpriments...
08/15/2022 07:02:32 PM - INFO - importando jason_pastoleiro...
08/15/2022 07:02:34 PM - INFO - importando writers.text_cumpriments...
08/15/2022 07:02:34 PM - INFO - importando jason_pastoleiro...
08/15/2022 07:02:40 PM - INFO - importando writers.text_cumpriments...
08/15/2022 07:02:40 PM - INFO - importando jason_pastoleiro...
08/15/2022 07:03:03 PM - INFO - importando writers.text_cumpriments...
08/15/2022 07:03:03 PM - INFO - importando jason_pastoleiro...
08/15/2022 07:03:11 PM - INFO - importando writers.text_cumpriments...
08/15/2022 07:03:11 PM - INFO - importando jason_pastoleiro...
08/15/2022 07:03:19 PM - INFO - importando writers.text_cumpriments...
08/15/2022 07:03:19 PM - INFO - importando jason_pastoleiro...
08/15/2022 07:03:24 PM - INFO - importando writers.text_cumpriments...
08/15/2022 07:03:24 PM - INFO - importando jason_pastoleiro...
08/15/2022 07:03:26 PM - INFO - importando writers.text_cumpriments...
08/15/2022 07:03:26 PM - INFO - importando jason_pastoleiro...
08/15/2022 07:03:27 PM - INFO - importando writers.text_cumpriments...
08/15/2022 07:03:27 PM - INFO - importando jason_pastoleiro...
08/15/2022 07:03:32 PM - INFO - importando writers.text_cumpriments...
08/15/2022 07:03:32 PM - INFO - importando jason_pastoleiro...
08/15/2022 07:03:32 PM - INFO - importando writers.text_cumpriments...
08/15/2022 07:03:32 PM - INFO - importando jason_pastoleiro...
08/15/2022 07:03:33 PM - INFO -  * Running on http://127.0.0.1:5000 (Press CTRL+C to quit)
08/15/2022 07:03:33 PM - INFO -  * Restarting with stat
08/15/2022 07:03:33 PM - INFO - importando writers.text_cumpriments...
08/15/2022 07:03:33 PM - INFO - importando jason_pastoleiro...
08/15/2022 07:03:33 PM - WARNING -  * Debugger is active!
08/15/2022 07:03:33 PM - INFO -  * Debugger PIN: 930-941-590
08/15/2022 07:17:56 PM - INFO - 127.0.0.1 - - [15/Aug/2022 19:17:56] "POST /bot HTTP/1.1" 200 -
08/15/2022 07:19:55 PM - INFO - 127.0.0.1 - - [15/Aug/2022 19:19:55] "GET / HTTP/1.1" 200 -
08/15/2022 07:20:04 PM - INFO - 127.0.0.1 - - [15/Aug/2022 19:20:04] "GET / HTTP/1.1" 200 -
08/15/2022 07:20:05 PM - INFO - 127.0.0.1 - - [15/Aug/2022 19:20:05] "[33mGET /favicon.ico HTTP/1.1[0m" 404 -
08/15/2022 07:22:50 PM - INFO - 127.0.0.1 - - [15/Aug/2022 19:22:50] "POST / HTTP/1.1" 200 -
08/15/2022 07:25:06 PM - INFO -  * Detected change in 'c:\\Users\\gian2\\meus-pequenos-estudos\\bot-ficha\\jason_messages.py', reloading
08/15/2022 07:25:06 PM - INFO -  * Restarting with stat
08/15/2022 07:25:06 PM - INFO - importando writers.text_cumpriments...
08/15/2022 07:25:06 PM - INFO - importando jason_pastoleiro...
08/15/2022 07:25:07 PM - INFO - importando writers.text_cumpriments...
08/15/2022 07:25:07 PM - INFO - importando jason_pastoleiro...
08/15/2022 07:25:10 PM - INFO - importando writers.text_cumpriments...
08/15/2022 07:25:10 PM - INFO - importando jason_pastoleiro...
08/15/2022 07:25:10 PM - INFO - importando writers.text_cumpriments...
08/15/2022 07:25:10 PM - INFO - importando jason_pastoleiro...
08/15/2022 07:25:10 PM - WARNING -  * Debugger is active!
08/15/2022 07:25:10 PM - INFO -  * Debugger PIN: 930-941-590
08/15/2022 07:25:14 PM - INFO -  * Detected change in 'c:\\Users\\gian2\\meus-pequenos-estudos\\bot-ficha\\jason_messages.py', reloading
08/15/2022 07:25:14 PM - INFO -  * Restarting with stat
08/15/2022 07:25:15 PM - INFO - importando writers.text_cumpriments...
08/15/2022 07:25:15 PM - INFO - importando jason_pastoleiro...
08/15/2022 07:25:20 PM - INFO - importando writers.text_cumpriments...
08/15/2022 07:25:20 PM - INFO - importando jason_pastoleiro...
08/15/2022 07:25:21 PM - INFO - importando writers.text_cumpriments...
08/15/2022 07:25:21 PM - INFO - importando jason_pastoleiro...
08/15/2022 07:25:24 PM - INFO - importando writers.text_cumpriments...
08/15/2022 07:25:24 PM - INFO - importando jason_pastoleiro...
08/15/2022 07:25:26 PM - INFO - importando writers.text_cumpriments...
08/15/2022 07:25:26 PM - INFO - importando jason_pastoleiro...
08/15/2022 07:25:32 PM - INFO - importando writers.text_cumpriments...
08/15/2022 07:25:32 PM - INFO - importando jason_pastoleiro...
08/15/2022 07:25:35 PM - INFO - importando writers.text_cumpriments...
08/15/2022 07:25:35 PM - INFO - importando jason_pastoleiro...
08/15/2022 07:25:37 PM - INFO - importando writers.text_cumpriments...
08/15/2022 07:25:37 PM - INFO - importando jason_pastoleiro...
08/15/2022 07:25:38 PM - INFO - importando writers.text_cumpriments...
08/15/2022 07:25:38 PM - INFO - importando jason_pastoleiro...
08/15/2022 07:25:42 PM - INFO - importando writers.text_cumpriments...
08/15/2022 07:25:42 PM - INFO - importando jason_pastoleiro...
08/15/2022 07:26:10 PM - INFO - importando writers.text_cumpriments...
08/15/2022 07:26:10 PM - INFO - importando jason_pastoleiro...
08/15/2022 07:26:13 PM - INFO - importando writers.text_cumpriments...
08/15/2022 07:26:13 PM - INFO - importando jason_pastoleiro...
08/15/2022 07:26:20 PM - INFO - importando writers.text_cumpriments...
08/15/2022 07:26:20 PM - INFO - importando jason_pastoleiro...
08/15/2022 07:26:23 PM - INFO - importando writers.text_cumpriments...
08/15/2022 07:26:23 PM - INFO - importando jason_pastoleiro...
08/15/2022 07:26:54 PM - INFO - importando writers.text_cumpriments...
08/15/2022 07:26:54 PM - INFO - importando jason_pastoleiro...
08/15/2022 07:26:55 PM - INFO - importando writers.text_cumpriments...
08/15/2022 07:26:55 PM - INFO - importando jason_pastoleiro...
08/15/2022 07:26:57 PM - INFO - importando writers.text_cumpriments...
08/15/2022 07:26:57 PM - INFO - importando jason_pastoleiro...
08/15/2022 07:26:58 PM - INFO - importando writers.text_cumpriments...
08/15/2022 07:26:58 PM - INFO - importando jason_pastoleiro...
08/15/2022 07:27:00 PM - INFO - importando writers.text_cumpriments...
08/15/2022 07:27:00 PM - INFO - importando jason_pastoleiro...
